###################################
dimension size: 20
Start PCA ...
X_train_lda.shape: (60000, 20)
X_test_lda.shape: (10000, 20)
Finish PCA

!!!!!!!!!!!!!!!!!!!!!!!!!
K neighbors: 1

Start evaluating training set ...


- accuracy: 1.000000

- global f1: 1.000000
- class 0 f1 score: 1.000000
- class 1 f1 score: 1.000000
- class 2 f1 score: 1.000000
- class 3 f1 score: 1.000000
- class 4 f1 score: 1.000000
- class 5 f1 score: 1.000000
- class 6 f1 score: 1.000000
- class 7 f1 score: 1.000000
- class 8 f1 score: 1.000000
- class 9 f1 score: 1.000000
use time: 2s

Finish evaluating

Start evaluating test set ...


- accuracy: 0.821700

- global f1: 0.821700
- class 0 f1 score: 0.761619
- class 1 f1 score: 0.967353
- class 2 f1 score: 0.700897
- class 3 f1 score: 0.850998
- class 4 f1 score: 0.692076
- class 5 f1 score: 0.915500
- class 6 f1 score: 0.571568
- class 7 f1 score: 0.890196
- class 8 f1 score: 0.958126
- class 9 f1 score: 0.915888
use time: 2s

Finish evaluating


!!!!!!!!!!!!!!!!!!!!!!!!!
K neighbors: 3

Start evaluating training set ...


- accuracy: 0.912217

- global f1: 0.912217
- class 0 f1 score: 0.884704
- class 1 f1 score: 0.984188
- class 2 f1 score: 0.850798
- class 3 f1 score: 0.922561
- class 4 f1 score: 0.857841
- class 5 f1 score: 0.952486
- class 6 f1 score: 0.786057
- class 7 f1 score: 0.943848
- class 8 f1 score: 0.976366
- class 9 f1 score: 0.959189
use time: 16s

Finish evaluating

Start evaluating test set ...


- accuracy: 0.836300

- global f1: 0.836300
- class 0 f1 score: 0.776077
- class 1 f1 score: 0.965239
- class 2 f1 score: 0.732861
- class 3 f1 score: 0.869699
- class 4 f1 score: 0.732653
- class 5 f1 score: 0.912752
- class 6 f1 score: 0.577495
- class 7 f1 score: 0.900786
- class 8 f1 score: 0.961481
- class 9 f1 score: 0.926853
use time: 3s

Finish evaluating


!!!!!!!!!!!!!!!!!!!!!!!!!
K neighbors: 5

Start evaluating training set ...


- accuracy: 0.892833

- global f1: 0.892833
- class 0 f1 score: 0.866651
- class 1 f1 score: 0.980530
- class 2 f1 score: 0.827062
- class 3 f1 score: 0.906664
- class 4 f1 score: 0.826012
- class 5 f1 score: 0.941922
- class 6 f1 score: 0.725020
- class 7 f1 score: 0.929957
- class 8 f1 score: 0.970750
- class 9 f1 score: 0.945469
use time: 18s

Finish evaluating

Start evaluating test set ...


- accuracy: 0.844800

- global f1: 0.844800
- class 0 f1 score: 0.795918
- class 1 f1 score: 0.969176
- class 2 f1 score: 0.751807
- class 3 f1 score: 0.872856
- class 4 f1 score: 0.745409
- class 5 f1 score: 0.920916
- class 6 f1 score: 0.593817
- class 7 f1 score: 0.904203
- class 8 f1 score: 0.958084
- class 9 f1 score: 0.927068
use time: 3s

Finish evaluating


!!!!!!!!!!!!!!!!!!!!!!!!!
K neighbors: 7

Start evaluating training set ...


- accuracy: 0.882033

- global f1: 0.882033
- class 0 f1 score: 0.852517
- class 1 f1 score: 0.976396
- class 2 f1 score: 0.811896
- class 3 f1 score: 0.897513
- class 4 f1 score: 0.810387
- class 5 f1 score: 0.935398
- class 6 f1 score: 0.696787
- class 7 f1 score: 0.922799
- class 8 f1 score: 0.967273
- class 9 f1 score: 0.940512
use time: 20s

Finish evaluating

Start evaluating test set ...


- accuracy: 0.846900

- global f1: 0.846900
- class 0 f1 score: 0.805637
- class 1 f1 score: 0.967188
- class 2 f1 score: 0.758989
- class 3 f1 score: 0.869347
- class 4 f1 score: 0.744649
- class 5 f1 score: 0.919685
- class 6 f1 score: 0.601168
- class 7 f1 score: 0.906356
- class 8 f1 score: 0.955224
- class 9 f1 score: 0.931051
use time: 3s

Finish evaluating


!!!!!!!!!!!!!!!!!!!!!!!!!
K neighbors: 9

Start evaluating training set ...


- accuracy: 0.876450

- global f1: 0.876450
- class 0 f1 score: 0.844462
- class 1 f1 score: 0.975868
- class 2 f1 score: 0.803306
- class 3 f1 score: 0.893479
- class 4 f1 score: 0.801826
- class 5 f1 score: 0.928861
- class 6 f1 score: 0.685616
- class 7 f1 score: 0.918596
- class 8 f1 score: 0.965471
- class 9 f1 score: 0.937613
use time: 21s

Finish evaluating

Start evaluating test set ...


- accuracy: 0.846500

- global f1: 0.846500
- class 0 f1 score: 0.813379
- class 1 f1 score: 0.967513
- class 2 f1 score: 0.755361
- class 3 f1 score: 0.867830
- class 4 f1 score: 0.746165
- class 5 f1 score: 0.918067
- class 6 f1 score: 0.604701
- class 7 f1 score: 0.902190
- class 8 f1 score: 0.952618
- class 9 f1 score: 0.927423
use time: 3s

Finish evaluating


!!!!!!!!!!!!!!!!!!!!!!!!!
K neighbors: 11

Start evaluating training set ...


- accuracy: 0.871967

- global f1: 0.871967
- class 0 f1 score: 0.841220
- class 1 f1 score: 0.974381
- class 2 f1 score: 0.795447
- class 3 f1 score: 0.890443
- class 4 f1 score: 0.796657
- class 5 f1 score: 0.926288
- class 6 f1 score: 0.672451
- class 7 f1 score: 0.915224
- class 8 f1 score: 0.962679
- class 9 f1 score: 0.934967
use time: 22s

Finish evaluating

Start evaluating test set ...


- accuracy: 0.845200

- global f1: 0.845200
- class 0 f1 score: 0.814383
- class 1 f1 score: 0.966042
- class 2 f1 score: 0.753044
- class 3 f1 score: 0.865701
- class 4 f1 score: 0.740049
- class 5 f1 score: 0.916842
- class 6 f1 score: 0.602474
- class 7 f1 score: 0.904163
- class 8 f1 score: 0.949676
- class 9 f1 score: 0.928641
use time: 4s

Finish evaluating


!!!!!!!!!!!!!!!!!!!!!!!!!
K neighbors: 13

Start evaluating training set ...


- accuracy: 0.868450

- global f1: 0.868450
- class 0 f1 score: 0.836658
- class 1 f1 score: 0.973356
- class 2 f1 score: 0.790503
- class 3 f1 score: 0.885933
- class 4 f1 score: 0.791047
- class 5 f1 score: 0.925714
- class 6 f1 score: 0.661721
- class 7 f1 score: 0.914099
- class 8 f1 score: 0.960801
- class 9 f1 score: 0.934302
use time: 23s

Finish evaluating

Start evaluating test set ...


- accuracy: 0.845100

- global f1: 0.845100
- class 0 f1 score: 0.809780
- class 1 f1 score: 0.966497
- class 2 f1 score: 0.757339
- class 3 f1 score: 0.864811
- class 4 f1 score: 0.742885
- class 5 f1 score: 0.916490
- class 6 f1 score: 0.600748
- class 7 f1 score: 0.903007
- class 8 f1 score: 0.950199
- class 9 f1 score: 0.929057
use time: 4s

Finish evaluating


!!!!!!!!!!!!!!!!!!!!!!!!!
K neighbors: 15

Start evaluating training set ...


- accuracy: 0.865267

- global f1: 0.865267
- class 0 f1 score: 0.832587
- class 1 f1 score: 0.972818
- class 2 f1 score: 0.786412
- class 3 f1 score: 0.883497
- class 4 f1 score: 0.787162
- class 5 f1 score: 0.921621
- class 6 f1 score: 0.653714
- class 7 f1 score: 0.911642
- class 8 f1 score: 0.960033
- class 9 f1 score: 0.932779
use time: 24s

Finish evaluating

Start evaluating test set ...


- accuracy: 0.845900

- global f1: 0.845900
- class 0 f1 score: 0.815212
- class 1 f1 score: 0.967513
- class 2 f1 score: 0.753808
- class 3 f1 score: 0.864296
- class 4 f1 score: 0.743527
- class 5 f1 score: 0.914286
- class 6 f1 score: 0.606706
- class 7 f1 score: 0.904785
- class 8 f1 score: 0.949726
- class 9 f1 score: 0.930346
use time: 4s

Finish evaluating


!!!!!!!!!!!!!!!!!!!!!!!!!
K neighbors: 17

Start evaluating training set ...


- accuracy: 0.862383

- global f1: 0.862383
- class 0 f1 score: 0.831371
- class 1 f1 score: 0.971453
- class 2 f1 score: 0.781327
- class 3 f1 score: 0.881089
- class 4 f1 score: 0.782848
- class 5 f1 score: 0.919774
- class 6 f1 score: 0.647605
- class 7 f1 score: 0.908972
- class 8 f1 score: 0.958174
- class 9 f1 score: 0.930683
use time: 24s

Finish evaluating

Start evaluating test set ...


- accuracy: 0.845000

- global f1: 0.845000
- class 0 f1 score: 0.815789
- class 1 f1 score: 0.964921
- class 2 f1 score: 0.754532
- class 3 f1 score: 0.861014
- class 4 f1 score: 0.745499
- class 5 f1 score: 0.914286
- class 6 f1 score: 0.602139
- class 7 f1 score: 0.904785
- class 8 f1 score: 0.947787
- class 9 f1 score: 0.929825
use time: 4s

Finish evaluating


!!!!!!!!!!!!!!!!!!!!!!!!!
K neighbors: 19

Start evaluating training set ...


- accuracy: 0.860133

- global f1: 0.860133
- class 0 f1 score: 0.830195
- class 1 f1 score: 0.970496
- class 2 f1 score: 0.778419
- class 3 f1 score: 0.878957
- class 4 f1 score: 0.779133
- class 5 f1 score: 0.916942
- class 6 f1 score: 0.642062
- class 7 f1 score: 0.907193
- class 8 f1 score: 0.956594
- class 9 f1 score: 0.930111
use time: 25s

Finish evaluating

Start evaluating test set ...


- accuracy: 0.843400

- global f1: 0.843400
- class 0 f1 score: 0.812500
- class 1 f1 score: 0.964431
- class 2 f1 score: 0.752826
- class 3 f1 score: 0.859281
- class 4 f1 score: 0.739619
- class 5 f1 score: 0.916490
- class 6 f1 score: 0.603412
- class 7 f1 score: 0.901258
- class 8 f1 score: 0.947787
- class 9 f1 score: 0.927423
use time: 4s

Finish evaluating

###################################
dimension size: 50
Start PCA ...
X_train_lda.shape: (60000, 50)
X_test_lda.shape: (10000, 50)
Finish PCA

!!!!!!!!!!!!!!!!!!!!!!!!!
K neighbors: 1

Start evaluating training set ...


- accuracy: 1.000000

- global f1: 1.000000
- class 0 f1 score: 1.000000
- class 1 f1 score: 1.000000
- class 2 f1 score: 1.000000
- class 3 f1 score: 1.000000
- class 4 f1 score: 1.000000
- class 5 f1 score: 1.000000
- class 6 f1 score: 1.000000
- class 7 f1 score: 1.000000
- class 8 f1 score: 1.000000
- class 9 f1 score: 1.000000
use time: 2s

Finish evaluating

Start evaluating test set ...


- accuracy: 0.842000

- global f1: 0.842000
- class 0 f1 score: 0.773453
- class 1 f1 score: 0.976346
- class 2 f1 score: 0.736313
- class 3 f1 score: 0.871611
- class 4 f1 score: 0.725549
- class 5 f1 score: 0.934997
- class 6 f1 score: 0.602713
- class 7 f1 score: 0.913532
- class 8 f1 score: 0.968844
- class 9 f1 score: 0.926781
use time: 7s

Finish evaluating


!!!!!!!!!!!!!!!!!!!!!!!!!
K neighbors: 3

Start evaluating training set ...


- accuracy: 0.919933

- global f1: 0.919933
- class 0 f1 score: 0.886026
- class 1 f1 score: 0.988875
- class 2 f1 score: 0.858598
- class 3 f1 score: 0.931514
- class 4 f1 score: 0.869946
- class 5 f1 score: 0.965751
- class 6 f1 score: 0.796327
- class 7 f1 score: 0.955486
- class 8 f1 score: 0.981578
- class 9 f1 score: 0.961931
use time: 47s

Finish evaluating

Start evaluating test set ...


- accuracy: 0.852000

- global f1: 0.852000
- class 0 f1 score: 0.788799
- class 1 f1 score: 0.974307
- class 2 f1 score: 0.740203
- class 3 f1 score: 0.887640
- class 4 f1 score: 0.759288
- class 5 f1 score: 0.931877
- class 6 f1 score: 0.618428
- class 7 f1 score: 0.919078
- class 8 f1 score: 0.966349
- class 9 f1 score: 0.932485
use time: 8s

Finish evaluating


!!!!!!!!!!!!!!!!!!!!!!!!!
K neighbors: 5

Start evaluating training set ...


- accuracy: 0.901917

- global f1: 0.901917
- class 0 f1 score: 0.870258
- class 1 f1 score: 0.985894
- class 2 f1 score: 0.837524
- class 3 f1 score: 0.918347
- class 4 f1 score: 0.840682
- class 5 f1 score: 0.952814
- class 6 f1 score: 0.742218
- class 7 f1 score: 0.941709
- class 8 f1 score: 0.974157
- class 9 f1 score: 0.949100
use time: 54s

Finish evaluating

Start evaluating test set ...


- accuracy: 0.857200

- global f1: 0.857200
- class 0 f1 score: 0.800962
- class 1 f1 score: 0.974255
- class 2 f1 score: 0.762327
- class 3 f1 score: 0.879433
- class 4 f1 score: 0.770059
- class 5 f1 score: 0.938118
- class 6 f1 score: 0.620180
- class 7 f1 score: 0.923152
- class 8 f1 score: 0.962330
- class 9 f1 score: 0.935879
use time: 10s

Finish evaluating


!!!!!!!!!!!!!!!!!!!!!!!!!
K neighbors: 7

Start evaluating training set ...


- accuracy: 0.893083

- global f1: 0.893083
- class 0 f1 score: 0.861607
- class 1 f1 score: 0.983753
- class 2 f1 score: 0.823558
- class 3 f1 score: 0.911846
- class 4 f1 score: 0.826654
- class 5 f1 score: 0.947014
- class 6 f1 score: 0.717697
- class 7 f1 score: 0.936380
- class 8 f1 score: 0.970704
- class 9 f1 score: 0.944340
use time: 66s

Finish evaluating

Start evaluating test set ...


- accuracy: 0.859500

- global f1: 0.859500
- class 0 f1 score: 0.805031
- class 1 f1 score: 0.977665
- class 2 f1 score: 0.764418
- class 3 f1 score: 0.889899
- class 4 f1 score: 0.769383
- class 5 f1 score: 0.934169
- class 6 f1 score: 0.620653
- class 7 f1 score: 0.925926
- class 8 f1 score: 0.961117
- class 9 f1 score: 0.941234
use time: 10s

Finish evaluating


!!!!!!!!!!!!!!!!!!!!!!!!!
K neighbors: 9

Start evaluating training set ...


- accuracy: 0.887400

- global f1: 0.887400
- class 0 f1 score: 0.856869
- class 1 f1 score: 0.981527
- class 2 f1 score: 0.814097
- class 3 f1 score: 0.908198
- class 4 f1 score: 0.819581
- class 5 f1 score: 0.942266
- class 6 f1 score: 0.701974
- class 7 f1 score: 0.932412
- class 8 f1 score: 0.969217
- class 9 f1 score: 0.940364
use time: 65s

Finish evaluating

Start evaluating test set ...


- accuracy: 0.857300

- global f1: 0.857300
- class 0 f1 score: 0.800776
- class 1 f1 score: 0.976673
- class 2 f1 score: 0.766895
- class 3 f1 score: 0.885974
- class 4 f1 score: 0.769231
- class 5 f1 score: 0.931161
- class 6 f1 score: 0.617492
- class 7 f1 score: 0.921951
- class 8 f1 score: 0.960159
- class 9 f1 score: 0.936709
use time: 10s

Finish evaluating


!!!!!!!!!!!!!!!!!!!!!!!!!
K neighbors: 11

Start evaluating training set ...


- accuracy: 0.882733

- global f1: 0.882733
- class 0 f1 score: 0.852717
- class 1 f1 score: 0.979998
- class 2 f1 score: 0.807578
- class 3 f1 score: 0.903307
- class 4 f1 score: 0.810806
- class 5 f1 score: 0.938113
- class 6 f1 score: 0.692080
- class 7 f1 score: 0.928607
- class 8 f1 score: 0.968038
- class 9 f1 score: 0.938063
use time: 63s

Finish evaluating

Start evaluating test set ...


- accuracy: 0.856400

- global f1: 0.856400
- class 0 f1 score: 0.809547
- class 1 f1 score: 0.975610
- class 2 f1 score: 0.765748
- class 3 f1 score: 0.881937
- class 4 f1 score: 0.765832
- class 5 f1 score: 0.928910
- class 6 f1 score: 0.621522
- class 7 f1 score: 0.916342
- class 8 f1 score: 0.957341
- class 9 f1 score: 0.935673
use time: 11s

Finish evaluating


!!!!!!!!!!!!!!!!!!!!!!!!!
K neighbors: 13

Start evaluating training set ...


- accuracy: 0.878417

- global f1: 0.878417
- class 0 f1 score: 0.846674
- class 1 f1 score: 0.979395
- class 2 f1 score: 0.803564
- class 3 f1 score: 0.900493
- class 4 f1 score: 0.808099
- class 5 f1 score: 0.934111
- class 6 f1 score: 0.679782
- class 7 f1 score: 0.924239
- class 8 f1 score: 0.965270
- class 9 f1 score: 0.934607
use time: 65s

Finish evaluating

Start evaluating test set ...


- accuracy: 0.855900

- global f1: 0.855900
- class 0 f1 score: 0.814672
- class 1 f1 score: 0.975585
- class 2 f1 score: 0.765140
- class 3 f1 score: 0.881699
- class 4 f1 score: 0.769457
- class 5 f1 score: 0.926572
- class 6 f1 score: 0.616525
- class 7 f1 score: 0.916060
- class 8 f1 score: 0.955357
- class 9 f1 score: 0.930799
use time: 11s

Finish evaluating


!!!!!!!!!!!!!!!!!!!!!!!!!
K neighbors: 15

Start evaluating training set ...


- accuracy: 0.875933

- global f1: 0.875933
- class 0 f1 score: 0.844292
- class 1 f1 score: 0.978356
- class 2 f1 score: 0.797817
- class 3 f1 score: 0.899633
- class 4 f1 score: 0.806082
- class 5 f1 score: 0.931998
- class 6 f1 score: 0.675292
- class 7 f1 score: 0.922003
- class 8 f1 score: 0.963612
- class 9 f1 score: 0.932406
use time: 65s

Finish evaluating

Start evaluating test set ...


- accuracy: 0.856400

- global f1: 0.856400
- class 0 f1 score: 0.812772
- class 1 f1 score: 0.975635
- class 2 f1 score: 0.767937
- class 3 f1 score: 0.882056
- class 4 f1 score: 0.772189
- class 5 f1 score: 0.924788
- class 6 f1 score: 0.622642
- class 7 f1 score: 0.916342
- class 8 f1 score: 0.953373
- class 9 f1 score: 0.930165
use time: 11s

Finish evaluating


!!!!!!!!!!!!!!!!!!!!!!!!!
K neighbors: 17

Start evaluating training set ...


- accuracy: 0.873517

- global f1: 0.873517
- class 0 f1 score: 0.842038
- class 1 f1 score: 0.977767
- class 2 f1 score: 0.792537
- class 3 f1 score: 0.898447
- class 4 f1 score: 0.799708
- class 5 f1 score: 0.930857
- class 6 f1 score: 0.668921
- class 7 f1 score: 0.922130
- class 8 f1 score: 0.962963
- class 9 f1 score: 0.932255
use time: 68s

Finish evaluating

Start evaluating test set ...


- accuracy: 0.855800

- global f1: 0.855800
- class 0 f1 score: 0.814922
- class 1 f1 score: 0.975610
- class 2 f1 score: 0.768245
- class 3 f1 score: 0.883300
- class 4 f1 score: 0.766125
- class 5 f1 score: 0.925515
- class 6 f1 score: 0.619600
- class 7 f1 score: 0.915651
- class 8 f1 score: 0.952900
- class 9 f1 score: 0.929195
use time: 12s

Finish evaluating


!!!!!!!!!!!!!!!!!!!!!!!!!
K neighbors: 19

Start evaluating training set ...


- accuracy: 0.870667

- global f1: 0.870667
- class 0 f1 score: 0.838905
- class 1 f1 score: 0.977413
- class 2 f1 score: 0.789408
- class 3 f1 score: 0.895330
- class 4 f1 score: 0.796404
- class 5 f1 score: 0.929745
- class 6 f1 score: 0.658888
- class 7 f1 score: 0.919757
- class 8 f1 score: 0.962074
- class 9 f1 score: 0.930762
use time: 72s

Finish evaluating

Start evaluating test set ...


- accuracy: 0.853700

- global f1: 0.853700
- class 0 f1 score: 0.813886
- class 1 f1 score: 0.975610
- class 2 f1 score: 0.763600
- class 3 f1 score: 0.882620
- class 4 f1 score: 0.762654
- class 5 f1 score: 0.923240
- class 6 f1 score: 0.616359
- class 7 f1 score: 0.914146
- class 8 f1 score: 0.949876
- class 9 f1 score: 0.927915
use time: 12s

Finish evaluating

###################################
dimension size: 80
Start PCA ...
X_train_lda.shape: (60000, 80)
X_test_lda.shape: (10000, 80)
Finish PCA

!!!!!!!!!!!!!!!!!!!!!!!!!
K neighbors: 1

Start evaluating training set ...


- accuracy: 1.000000

- global f1: 1.000000
- class 0 f1 score: 1.000000
- class 1 f1 score: 1.000000
- class 2 f1 score: 1.000000
- class 3 f1 score: 1.000000
- class 4 f1 score: 1.000000
- class 5 f1 score: 1.000000
- class 6 f1 score: 1.000000
- class 7 f1 score: 1.000000
- class 8 f1 score: 1.000000
- class 9 f1 score: 1.000000
use time: 3s

Finish evaluating

Start evaluating test set ...


- accuracy: 0.848300

- global f1: 0.848300
- class 0 f1 score: 0.784137
- class 1 f1 score: 0.974436
- class 2 f1 score: 0.746773
- class 3 f1 score: 0.873024
- class 4 f1 score: 0.732125
- class 5 f1 score: 0.939646
- class 6 f1 score: 0.611948
- class 7 f1 score: 0.926709
- class 8 f1 score: 0.966801
- class 9 f1 score: 0.935610
use time: 13s

Finish evaluating


!!!!!!!!!!!!!!!!!!!!!!!!!
K neighbors: 3

Start evaluating training set ...


- accuracy: 0.923183

- global f1: 0.923183
- class 0 f1 score: 0.889542
- class 1 f1 score: 0.989962
- class 2 f1 score: 0.862888
- class 3 f1 score: 0.933490
- class 4 f1 score: 0.872893
- class 5 f1 score: 0.968697
- class 6 f1 score: 0.802998
- class 7 f1 score: 0.960350
- class 8 f1 score: 0.982156
- class 9 f1 score: 0.965932
use time: 85s

Finish evaluating

Start evaluating test set ...


- accuracy: 0.857000

- global f1: 0.857000
- class 0 f1 score: 0.788626
- class 1 f1 score: 0.975389
- class 2 f1 score: 0.753471
- class 3 f1 score: 0.886948
- class 4 f1 score: 0.760981
- class 5 f1 score: 0.936616
- class 6 f1 score: 0.617801
- class 7 f1 score: 0.931774
- class 8 f1 score: 0.972892
- class 9 f1 score: 0.942731
use time: 14s

Finish evaluating


!!!!!!!!!!!!!!!!!!!!!!!!!
K neighbors: 5

Start evaluating training set ...


- accuracy: 0.905317

- global f1: 0.905317
- class 0 f1 score: 0.873824
- class 1 f1 score: 0.986734
- class 2 f1 score: 0.839774
- class 3 f1 score: 0.922333
- class 4 f1 score: 0.842932
- class 5 f1 score: 0.955429
- class 6 f1 score: 0.750623
- class 7 f1 score: 0.946600
- class 8 f1 score: 0.975732
- class 9 f1 score: 0.953700
use time: 85s

Finish evaluating

Start evaluating test set ...


- accuracy: 0.859800

- global f1: 0.859800
- class 0 f1 score: 0.807507
- class 1 f1 score: 0.978294
- class 2 f1 score: 0.764220
- class 3 f1 score: 0.885512
- class 4 f1 score: 0.769610
- class 5 f1 score: 0.935857
- class 6 f1 score: 0.614483
- class 7 f1 score: 0.927494
- class 8 f1 score: 0.963964
- class 9 f1 score: 0.943415
use time: 14s

Finish evaluating


!!!!!!!!!!!!!!!!!!!!!!!!!
K neighbors: 7

Start evaluating training set ...


- accuracy: 0.895083

- global f1: 0.895083
- class 0 f1 score: 0.866853
- class 1 f1 score: 0.984346
- class 2 f1 score: 0.824449
- class 3 f1 score: 0.914381
- class 4 f1 score: 0.827089
- class 5 f1 score: 0.946757
- class 6 f1 score: 0.722296
- class 7 f1 score: 0.939116
- class 8 f1 score: 0.973081
- class 9 f1 score: 0.946201
use time: 93s

Finish evaluating

Start evaluating test set ...


- accuracy: 0.860800

- global f1: 0.860800
- class 0 f1 score: 0.805783
- class 1 f1 score: 0.978723
- class 2 f1 score: 0.769156
- class 3 f1 score: 0.892479
- class 4 f1 score: 0.777392
- class 5 f1 score: 0.932840
- class 6 f1 score: 0.616359
- class 7 f1 score: 0.926877
- class 8 f1 score: 0.961558
- class 9 f1 score: 0.940488
use time: 15s

Finish evaluating


!!!!!!!!!!!!!!!!!!!!!!!!!
K neighbors: 9

Start evaluating training set ...


- accuracy: 0.889367

- global f1: 0.889367
- class 0 f1 score: 0.860737
- class 1 f1 score: 0.982625
- class 2 f1 score: 0.816497
- class 3 f1 score: 0.910395
- class 4 f1 score: 0.818048
- class 5 f1 score: 0.942345
- class 6 f1 score: 0.706387
- class 7 f1 score: 0.935784
- class 8 f1 score: 0.970770
- class 9 f1 score: 0.942927
use time: 94s

Finish evaluating

Start evaluating test set ...


- accuracy: 0.860700

- global f1: 0.860700
- class 0 f1 score: 0.813494
- class 1 f1 score: 0.977710
- class 2 f1 score: 0.763171
- class 3 f1 score: 0.888551
- class 4 f1 score: 0.775490
- class 5 f1 score: 0.931854
- class 6 f1 score: 0.624802
- class 7 f1 score: 0.926972
- class 8 f1 score: 0.962114
- class 9 f1 score: 0.936832
use time: 16s

Finish evaluating


!!!!!!!!!!!!!!!!!!!!!!!!!
K neighbors: 11

Start evaluating training set ...


- accuracy: 0.884517

- global f1: 0.884517
- class 0 f1 score: 0.856303
- class 1 f1 score: 0.981091
- class 2 f1 score: 0.808843
- class 3 f1 score: 0.906673
- class 4 f1 score: 0.812001
- class 5 f1 score: 0.939214
- class 6 f1 score: 0.694968
- class 7 f1 score: 0.931393
- class 8 f1 score: 0.968507
- class 9 f1 score: 0.938984
use time: 104s

Finish evaluating

Start evaluating test set ...


- accuracy: 0.858300

- global f1: 0.858300
- class 0 f1 score: 0.813197
- class 1 f1 score: 0.977665
- class 2 f1 score: 0.766732
- class 3 f1 score: 0.886076
- class 4 f1 score: 0.766291
- class 5 f1 score: 0.925690
- class 6 f1 score: 0.626834
- class 7 f1 score: 0.922034
- class 8 f1 score: 0.958645
- class 9 f1 score: 0.935343
use time: 16s

Finish evaluating


!!!!!!!!!!!!!!!!!!!!!!!!!
K neighbors: 13

Start evaluating training set ...


- accuracy: 0.879567

- global f1: 0.879567
- class 0 f1 score: 0.849559
- class 1 f1 score: 0.979637
- class 2 f1 score: 0.802216
- class 3 f1 score: 0.901213
- class 4 f1 score: 0.806278
- class 5 f1 score: 0.935283
- class 6 f1 score: 0.683270
- class 7 f1 score: 0.927901
- class 8 f1 score: 0.966255
- class 9 f1 score: 0.937197
use time: 122s

Finish evaluating

Start evaluating test set ...


- accuracy: 0.858400

- global f1: 0.858400
- class 0 f1 score: 0.814528
- class 1 f1 score: 0.976106
- class 2 f1 score: 0.770217
- class 3 f1 score: 0.884848
- class 4 f1 score: 0.773084
- class 5 f1 score: 0.926338
- class 6 f1 score: 0.624672
- class 7 f1 score: 0.917795
- class 8 f1 score: 0.955313
- class 9 f1 score: 0.935610
use time: 18s

Finish evaluating


!!!!!!!!!!!!!!!!!!!!!!!!!
K neighbors: 15

Start evaluating training set ...


- accuracy: 0.876950

- global f1: 0.876950
- class 0 f1 score: 0.847191
- class 1 f1 score: 0.979292
- class 2 f1 score: 0.797653
- class 3 f1 score: 0.900568
- class 4 f1 score: 0.802608
- class 5 f1 score: 0.932245
- class 6 f1 score: 0.676518
- class 7 f1 score: 0.925337
- class 8 f1 score: 0.965085
- class 9 f1 score: 0.935726
use time: 110s

Finish evaluating

Start evaluating test set ...


- accuracy: 0.857900

- global f1: 0.857900
- class 0 f1 score: 0.816997
- class 1 f1 score: 0.976626
- class 2 f1 score: 0.766062
- class 3 f1 score: 0.883510
- class 4 f1 score: 0.770905
- class 5 f1 score: 0.926829
- class 6 f1 score: 0.623226
- class 7 f1 score: 0.919285
- class 8 f1 score: 0.955224
- class 9 f1 score: 0.934634
use time: 18s

Finish evaluating


!!!!!!!!!!!!!!!!!!!!!!!!!
K neighbors: 17

Start evaluating training set ...


- accuracy: 0.874883

- global f1: 0.874883
- class 0 f1 score: 0.844963
- class 1 f1 score: 0.978169
- class 2 f1 score: 0.794203
- class 3 f1 score: 0.898519
- class 4 f1 score: 0.798246
- class 5 f1 score: 0.931742
- class 6 f1 score: 0.672650
- class 7 f1 score: 0.924534
- class 8 f1 score: 0.964838
- class 9 f1 score: 0.934228
use time: 112s

Finish evaluating

Start evaluating test set ...


- accuracy: 0.855900

- global f1: 0.855900
- class 0 f1 score: 0.812139
- class 1 f1 score: 0.976130
- class 2 f1 score: 0.764331
- class 3 f1 score: 0.882294
- class 4 f1 score: 0.773939
- class 5 f1 score: 0.925119
- class 6 f1 score: 0.613263
- class 7 f1 score: 0.918318
- class 8 f1 score: 0.953234
- class 9 f1 score: 0.932294
use time: 19s

Finish evaluating


!!!!!!!!!!!!!!!!!!!!!!!!!
K neighbors: 19

Start evaluating training set ...


- accuracy: 0.872533

- global f1: 0.872533
- class 0 f1 score: 0.839845
- class 1 f1 score: 0.977733
- class 2 f1 score: 0.792829
- class 3 f1 score: 0.898762
- class 4 f1 score: 0.796038
- class 5 f1 score: 0.929513
- class 6 f1 score: 0.662760
- class 7 f1 score: 0.923504
- class 8 f1 score: 0.964014
- class 9 f1 score: 0.933312
use time: 115s

Finish evaluating

Start evaluating test set ...


- accuracy: 0.854800

- global f1: 0.854800
- class 0 f1 score: 0.815777
- class 1 f1 score: 0.976081
- class 2 f1 score: 0.762897
- class 3 f1 score: 0.879597
- class 4 f1 score: 0.767568
- class 5 f1 score: 0.924960
- class 6 f1 score: 0.610294
- class 7 f1 score: 0.918318
- class 8 f1 score: 0.954749
- class 9 f1 score: 0.931454
use time: 19s

Finish evaluating

###################################
dimension size: 110
Start PCA ...
X_train_lda.shape: (60000, 110)
X_test_lda.shape: (10000, 110)
Finish PCA

!!!!!!!!!!!!!!!!!!!!!!!!!
K neighbors: 1

Start evaluating training set ...


- accuracy: 1.000000

- global f1: 1.000000
- class 0 f1 score: 1.000000
- class 1 f1 score: 1.000000
- class 2 f1 score: 1.000000
- class 3 f1 score: 1.000000
- class 4 f1 score: 1.000000
- class 5 f1 score: 1.000000
- class 6 f1 score: 1.000000
- class 7 f1 score: 1.000000
- class 8 f1 score: 1.000000
- class 9 f1 score: 1.000000
use time: 3s

Finish evaluating

Start evaluating test set ...


- accuracy: 0.849100

- global f1: 0.849100
- class 0 f1 score: 0.784646
- class 1 f1 score: 0.975904
- class 2 f1 score: 0.744048
- class 3 f1 score: 0.877104
- class 4 f1 score: 0.732693
- class 5 f1 score: 0.943200
- class 6 f1 score: 0.606031
- class 7 f1 score: 0.928571
- class 8 f1 score: 0.970247
- class 9 f1 score: 0.937378
use time: 16s

Finish evaluating


!!!!!!!!!!!!!!!!!!!!!!!!!
K neighbors: 3

Start evaluating training set ...


- accuracy: 0.924067

- global f1: 0.924067
- class 0 f1 score: 0.891221
- class 1 f1 score: 0.989870
- class 2 f1 score: 0.865153
- class 3 f1 score: 0.933423
- class 4 f1 score: 0.875221
- class 5 f1 score: 0.967824
- class 6 f1 score: 0.807218
- class 7 f1 score: 0.961427
- class 8 f1 score: 0.981897
- class 9 f1 score: 0.964961
use time: 111s

Finish evaluating

Start evaluating test set ...


- accuracy: 0.859400

- global f1: 0.859400
- class 0 f1 score: 0.792596
- class 1 f1 score: 0.975879
- class 2 f1 score: 0.759082
- class 3 f1 score: 0.886375
- class 4 f1 score: 0.763507
- class 5 f1 score: 0.941423
- class 6 f1 score: 0.618600
- class 7 f1 score: 0.936585
- class 8 f1 score: 0.969758
- class 9 f1 score: 0.948141
use time: 20s

Finish evaluating


!!!!!!!!!!!!!!!!!!!!!!!!!
K neighbors: 5

Start evaluating training set ...


- accuracy: 0.906333

- global f1: 0.906333
- class 0 f1 score: 0.875559
- class 1 f1 score: 0.987157
- class 2 f1 score: 0.840202
- class 3 f1 score: 0.924439
- class 4 f1 score: 0.845056
- class 5 f1 score: 0.955900
- class 6 f1 score: 0.751336
- class 7 f1 score: 0.947696
- class 8 f1 score: 0.976966
- class 9 f1 score: 0.953645
use time: 124s

Finish evaluating

Start evaluating test set ...


- accuracy: 0.862100

- global f1: 0.862100
- class 0 f1 score: 0.812290
- class 1 f1 score: 0.977823
- class 2 f1 score: 0.768263
- class 3 f1 score: 0.890244
- class 4 f1 score: 0.769231
- class 5 f1 score: 0.935924
- class 6 f1 score: 0.622056
- class 7 f1 score: 0.931320
- class 8 f1 score: 0.964930
- class 9 f1 score: 0.940947
use time: 21s

Finish evaluating


!!!!!!!!!!!!!!!!!!!!!!!!!
K neighbors: 7

Start evaluating training set ...


- accuracy: 0.896567

- global f1: 0.896567
- class 0 f1 score: 0.868469
- class 1 f1 score: 0.984613
- class 2 f1 score: 0.826800
- class 3 f1 score: 0.916220
- class 4 f1 score: 0.827806
- class 5 f1 score: 0.948575
- class 6 f1 score: 0.724493
- class 7 f1 score: 0.942128
- class 8 f1 score: 0.972982
- class 9 f1 score: 0.947694
use time: 132s

Finish evaluating

Start evaluating test set ...


- accuracy: 0.860900

- global f1: 0.860900
- class 0 f1 score: 0.803837
- class 1 f1 score: 0.978206
- class 2 f1 score: 0.766328
- class 3 f1 score: 0.892043
- class 4 f1 score: 0.780247
- class 5 f1 score: 0.934530
- class 6 f1 score: 0.618590
- class 7 f1 score: 0.926663
- class 8 f1 score: 0.963964
- class 9 f1 score: 0.937683
use time: 22s

Finish evaluating


!!!!!!!!!!!!!!!!!!!!!!!!!
K neighbors: 9

Start evaluating training set ...


- accuracy: 0.889833

- global f1: 0.889833
- class 0 f1 score: 0.860485
- class 1 f1 score: 0.982985
- class 2 f1 score: 0.818968
- class 3 f1 score: 0.909396
- class 4 f1 score: 0.819890
- class 5 f1 score: 0.942410
- class 6 f1 score: 0.707265
- class 7 f1 score: 0.938092
- class 8 f1 score: 0.970224
- class 9 f1 score: 0.942331
use time: 138s

Finish evaluating

Start evaluating test set ...


- accuracy: 0.860300

- global f1: 0.860300
- class 0 f1 score: 0.813071
- class 1 f1 score: 0.976673
- class 2 f1 score: 0.771484
- class 3 f1 score: 0.889899
- class 4 f1 score: 0.771669
- class 5 f1 score: 0.931854
- class 6 f1 score: 0.620763
- class 7 f1 score: 0.924345
- class 8 f1 score: 0.962076
- class 9 f1 score: 0.934243
use time: 23s

Finish evaluating


!!!!!!!!!!!!!!!!!!!!!!!!!
K neighbors: 11

Start evaluating training set ...


- accuracy: 0.884700

- global f1: 0.884700
- class 0 f1 score: 0.854284
- class 1 f1 score: 0.981097
- class 2 f1 score: 0.810176
- class 3 f1 score: 0.905122
- class 4 f1 score: 0.812403
- class 5 f1 score: 0.939548
- class 6 f1 score: 0.693043
- class 7 f1 score: 0.935073
- class 8 f1 score: 0.968988
- class 9 f1 score: 0.940442
use time: 144s

Finish evaluating

Start evaluating test set ...


- accuracy: 0.861000

- global f1: 0.861000
- class 0 f1 score: 0.817919
- class 1 f1 score: 0.978139
- class 2 f1 score: 0.772570
- class 3 f1 score: 0.890121
- class 4 f1 score: 0.770813
- class 5 f1 score: 0.928458
- class 6 f1 score: 0.623020
- class 7 f1 score: 0.924939
- class 8 f1 score: 0.962076
- class 9 f1 score: 0.935735
use time: 25s

Finish evaluating


!!!!!!!!!!!!!!!!!!!!!!!!!
K neighbors: 13

Start evaluating training set ...


- accuracy: 0.880633

- global f1: 0.880633
- class 0 f1 score: 0.850807
- class 1 f1 score: 0.979475
- class 2 f1 score: 0.802704
- class 3 f1 score: 0.901678
- class 4 f1 score: 0.806701
- class 5 f1 score: 0.935665
- class 6 f1 score: 0.683893
- class 7 f1 score: 0.932290
- class 8 f1 score: 0.966970
- class 9 f1 score: 0.939816
use time: 149s

Finish evaluating

Start evaluating test set ...


- accuracy: 0.858400

- global f1: 0.858400
- class 0 f1 score: 0.817091
- class 1 f1 score: 0.975610
- class 2 f1 score: 0.767866
- class 3 f1 score: 0.886983
- class 4 f1 score: 0.771584
- class 5 f1 score: 0.928153
- class 6 f1 score: 0.616438
- class 7 f1 score: 0.923077
- class 8 f1 score: 0.959641
- class 9 f1 score: 0.931068
use time: 25s

Finish evaluating


!!!!!!!!!!!!!!!!!!!!!!!!!
K neighbors: 15

Start evaluating training set ...


- accuracy: 0.878233

- global f1: 0.878233
- class 0 f1 score: 0.848345
- class 1 f1 score: 0.979295
- class 2 f1 score: 0.800758
- class 3 f1 score: 0.901149
- class 4 f1 score: 0.803066
- class 5 f1 score: 0.934494
- class 6 f1 score: 0.676196
- class 7 f1 score: 0.929433
- class 8 f1 score: 0.965552
- class 9 f1 score: 0.937439
use time: 152s

Finish evaluating

Start evaluating test set ...


- accuracy: 0.858900

- global f1: 0.858900
- class 0 f1 score: 0.819846
- class 1 f1 score: 0.975610
- class 2 f1 score: 0.770217
- class 3 f1 score: 0.882383
- class 4 f1 score: 0.771443
- class 5 f1 score: 0.929368
- class 6 f1 score: 0.621735
- class 7 f1 score: 0.923077
- class 8 f1 score: 0.956738
- class 9 f1 score: 0.933333
use time: 25s

Finish evaluating


!!!!!!!!!!!!!!!!!!!!!!!!!
K neighbors: 17

Start evaluating training set ...


- accuracy: 0.875633

- global f1: 0.875633
- class 0 f1 score: 0.847063
- class 1 f1 score: 0.978684
- class 2 f1 score: 0.795137
- class 3 f1 score: 0.899287
- class 4 f1 score: 0.799285
- class 5 f1 score: 0.932348
- class 6 f1 score: 0.669920
- class 7 f1 score: 0.927064
- class 8 f1 score: 0.964716
- class 9 f1 score: 0.936187
use time: 155s

Finish evaluating

Start evaluating test set ...


- accuracy: 0.857500

- global f1: 0.857500
- class 0 f1 score: 0.818313
- class 1 f1 score: 0.976578
- class 2 f1 score: 0.767866
- class 3 f1 score: 0.883065
- class 4 f1 score: 0.771809
- class 5 f1 score: 0.928723
- class 6 f1 score: 0.613529
- class 7 f1 score: 0.922928
- class 8 f1 score: 0.955179
- class 9 f1 score: 0.931587
use time: 26s

Finish evaluating


!!!!!!!!!!!!!!!!!!!!!!!!!
K neighbors: 19

Start evaluating training set ...


- accuracy: 0.872933

- global f1: 0.872933
- class 0 f1 score: 0.844705
- class 1 f1 score: 0.977725
- class 2 f1 score: 0.789839
- class 3 f1 score: 0.897870
- class 4 f1 score: 0.794251
- class 5 f1 score: 0.931092
- class 6 f1 score: 0.663408
- class 7 f1 score: 0.925397
- class 8 f1 score: 0.963638
- class 9 f1 score: 0.934539
use time: 158s

Finish evaluating

Start evaluating test set ...


- accuracy: 0.855400

- global f1: 0.855400
- class 0 f1 score: 0.815029
- class 1 f1 score: 0.975064
- class 2 f1 score: 0.765579
- class 3 f1 score: 0.883182
- class 4 f1 score: 0.768546
- class 5 f1 score: 0.926855
- class 6 f1 score: 0.610240
- class 7 f1 score: 0.920174
- class 8 f1 score: 0.954274
- class 9 f1 score: 0.929714
use time: 26s

Finish evaluating

###################################
dimension size: 140
Start PCA ...
X_train_lda.shape: (60000, 140)
X_test_lda.shape: (10000, 140)
Finish PCA

!!!!!!!!!!!!!!!!!!!!!!!!!
K neighbors: 1

Start evaluating training set ...


- accuracy: 1.000000

- global f1: 1.000000
- class 0 f1 score: 1.000000
- class 1 f1 score: 1.000000
- class 2 f1 score: 1.000000
- class 3 f1 score: 1.000000
- class 4 f1 score: 1.000000
- class 5 f1 score: 1.000000
- class 6 f1 score: 1.000000
- class 7 f1 score: 1.000000
- class 8 f1 score: 1.000000
- class 9 f1 score: 1.000000
use time: 4s

Finish evaluating

Start evaluating test set ...


- accuracy: 0.851800

- global f1: 0.851800
- class 0 f1 score: 0.790050
- class 1 f1 score: 0.978381
- class 2 f1 score: 0.746165
- class 3 f1 score: 0.877551
- class 4 f1 score: 0.736041
- class 5 f1 score: 0.944184
- class 6 f1 score: 0.611650
- class 7 f1 score: 0.932485
- class 8 f1 score: 0.970766
- class 9 f1 score: 0.939853
use time: 21s

Finish evaluating


!!!!!!!!!!!!!!!!!!!!!!!!!
K neighbors: 3

Start evaluating training set ...


- accuracy: 0.924033

- global f1: 0.924033
- class 0 f1 score: 0.892105
- class 1 f1 score: 0.990290
- class 2 f1 score: 0.862169
- class 3 f1 score: 0.935327
- class 4 f1 score: 0.874316
- class 5 f1 score: 0.966883
- class 6 f1 score: 0.809566
- class 7 f1 score: 0.960692
- class 8 f1 score: 0.982963
- class 9 f1 score: 0.963980
use time: 147s

Finish evaluating

Start evaluating test set ...


- accuracy: 0.858600

- global f1: 0.858600
- class 0 f1 score: 0.790521
- class 1 f1 score: 0.976394
- class 2 f1 score: 0.755958
- class 3 f1 score: 0.886141
- class 4 f1 score: 0.764194
- class 5 f1 score: 0.938647
- class 6 f1 score: 0.620366
- class 7 f1 score: 0.937958
- class 8 f1 score: 0.969239
- class 9 f1 score: 0.944959
use time: 26s

Finish evaluating


!!!!!!!!!!!!!!!!!!!!!!!!!
K neighbors: 5

Start evaluating training set ...


- accuracy: 0.906550

- global f1: 0.906550
- class 0 f1 score: 0.875738
- class 1 f1 score: 0.986819
- class 2 f1 score: 0.841909
- class 3 f1 score: 0.924645
- class 4 f1 score: 0.844779
- class 5 f1 score: 0.955688
- class 6 f1 score: 0.751963
- class 7 f1 score: 0.947963
- class 8 f1 score: 0.976947
- class 9 f1 score: 0.953675
use time: 163s

Finish evaluating

Start evaluating test set ...


- accuracy: 0.862700

- global f1: 0.862700
- class 0 f1 score: 0.812290
- class 1 f1 score: 0.978788
- class 2 f1 score: 0.767900
- class 3 f1 score: 0.887195
- class 4 f1 score: 0.770149
- class 5 f1 score: 0.935229
- class 6 f1 score: 0.628663
- class 7 f1 score: 0.933723
- class 8 f1 score: 0.964411
- class 9 f1 score: 0.942092
use time: 28s

Finish evaluating


!!!!!!!!!!!!!!!!!!!!!!!!!
K neighbors: 7

Start evaluating training set ...


- accuracy: 0.897067

- global f1: 0.897067
- class 0 f1 score: 0.869136
- class 1 f1 score: 0.984949
- class 2 f1 score: 0.828571
- class 3 f1 score: 0.916786
- class 4 f1 score: 0.830077
- class 5 f1 score: 0.946883
- class 6 f1 score: 0.725495
- class 7 f1 score: 0.942818
- class 8 f1 score: 0.973711
- class 9 f1 score: 0.946622
use time: 172s

Finish evaluating

Start evaluating test set ...


- accuracy: 0.860800

- global f1: 0.860800
- class 0 f1 score: 0.813071
- class 1 f1 score: 0.979219
- class 2 f1 score: 0.769976
- class 3 f1 score: 0.887310
- class 4 f1 score: 0.776680
- class 5 f1 score: 0.929025
- class 6 f1 score: 0.622411
- class 7 f1 score: 0.926123
- class 8 f1 score: 0.961962
- class 9 f1 score: 0.936004
use time: 30s

Finish evaluating


!!!!!!!!!!!!!!!!!!!!!!!!!
K neighbors: 9

Start evaluating training set ...


- accuracy: 0.889500

- global f1: 0.889500
- class 0 f1 score: 0.858504
- class 1 f1 score: 0.983231
- class 2 f1 score: 0.820046
- class 3 f1 score: 0.910864
- class 4 f1 score: 0.821637
- class 5 f1 score: 0.939856
- class 6 f1 score: 0.704477
- class 7 f1 score: 0.937123
- class 8 f1 score: 0.971204
- class 9 f1 score: 0.941759
use time: 179s

Finish evaluating

Start evaluating test set ...


- accuracy: 0.863300

- global f1: 0.863300
- class 0 f1 score: 0.816229
- class 1 f1 score: 0.977688
- class 2 f1 score: 0.774854
- class 3 f1 score: 0.891139
- class 4 f1 score: 0.777501
- class 5 f1 score: 0.926596
- class 6 f1 score: 0.634585
- class 7 f1 score: 0.925819
- class 8 f1 score: 0.964000
- class 9 f1 score: 0.938537
use time: 31s

Finish evaluating


!!!!!!!!!!!!!!!!!!!!!!!!!
K neighbors: 11

Start evaluating training set ...


- accuracy: 0.885000

- global f1: 0.885000
- class 0 f1 score: 0.855463
- class 1 f1 score: 0.981610
- class 2 f1 score: 0.810390
- class 3 f1 score: 0.905756
- class 4 f1 score: 0.814627
- class 5 f1 score: 0.936851
- class 6 f1 score: 0.694888
- class 7 f1 score: 0.934841
- class 8 f1 score: 0.969190
- class 9 f1 score: 0.940633
use time: 186s

Finish evaluating

Start evaluating test set ...


- accuracy: 0.860800

- global f1: 0.860800
- class 0 f1 score: 0.816659
- class 1 f1 score: 0.977642
- class 2 f1 score: 0.771776
- class 3 f1 score: 0.889899
- class 4 f1 score: 0.772885
- class 5 f1 score: 0.926439
- class 6 f1 score: 0.620616
- class 7 f1 score: 0.925000
- class 8 f1 score: 0.962963
- class 9 f1 score: 0.937104
use time: 31s

Finish evaluating


!!!!!!!!!!!!!!!!!!!!!!!!!
K neighbors: 13

Start evaluating training set ...


- accuracy: 0.880450

- global f1: 0.880450
- class 0 f1 score: 0.849563
- class 1 f1 score: 0.979895
- class 2 f1 score: 0.802798
- class 3 f1 score: 0.902429
- class 4 f1 score: 0.808002
- class 5 f1 score: 0.934438
- class 6 f1 score: 0.682520
- class 7 f1 score: 0.931772
- class 8 f1 score: 0.967521
- class 9 f1 score: 0.939588
use time: 191s

Finish evaluating

Start evaluating test set ...


- accuracy: 0.858400

- global f1: 0.858400
- class 0 f1 score: 0.817616
- class 1 f1 score: 0.976130
- class 2 f1 score: 0.771569
- class 3 f1 score: 0.886983
- class 4 f1 score: 0.772502
- class 5 f1 score: 0.922995
- class 6 f1 score: 0.612869
- class 7 f1 score: 0.923892
- class 8 f1 score: 0.959960
- class 9 f1 score: 0.932945
use time: 32s

Finish evaluating


!!!!!!!!!!!!!!!!!!!!!!!!!
K neighbors: 15

Start evaluating training set ...


- accuracy: 0.877550

- global f1: 0.877550
- class 0 f1 score: 0.848297
- class 1 f1 score: 0.979626
- class 2 f1 score: 0.798616
- class 3 f1 score: 0.900227
- class 4 f1 score: 0.804399
- class 5 f1 score: 0.931734
- class 6 f1 score: 0.675002
- class 7 f1 score: 0.928804
- class 8 f1 score: 0.965511
- class 9 f1 score: 0.936975
use time: 195s

Finish evaluating

Start evaluating test set ...


- accuracy: 0.856300

- global f1: 0.856300
- class 0 f1 score: 0.817833
- class 1 f1 score: 0.977099
- class 2 f1 score: 0.765541
- class 3 f1 score: 0.887203
- class 4 f1 score: 0.766865
- class 5 f1 score: 0.922912
- class 6 f1 score: 0.605678
- class 7 f1 score: 0.923521
- class 8 f1 score: 0.957129
- class 9 f1 score: 0.932945
use time: 33s

Finish evaluating


!!!!!!!!!!!!!!!!!!!!!!!!!
K neighbors: 17

Start evaluating training set ...


- accuracy: 0.875217

- global f1: 0.875217
- class 0 f1 score: 0.845343
- class 1 f1 score: 0.978255
- class 2 f1 score: 0.796639
- class 3 f1 score: 0.899395
- class 4 f1 score: 0.798731
- class 5 f1 score: 0.930602
- class 6 f1 score: 0.667614
- class 7 f1 score: 0.928055
- class 8 f1 score: 0.964501
- class 9 f1 score: 0.936486
use time: 196s

Finish evaluating

Start evaluating test set ...


- accuracy: 0.855600

- global f1: 0.855600
- class 0 f1 score: 0.815954
- class 1 f1 score: 0.976106
- class 2 f1 score: 0.766895
- class 3 f1 score: 0.883510
- class 4 f1 score: 0.768697
- class 5 f1 score: 0.921180
- class 6 f1 score: 0.607275
- class 7 f1 score: 0.921597
- class 8 f1 score: 0.955655
- class 9 f1 score: 0.932039
use time: 30s

Finish evaluating


!!!!!!!!!!!!!!!!!!!!!!!!!
K neighbors: 19

Start evaluating training set ...


- accuracy: 0.872833

- global f1: 0.872833
- class 0 f1 score: 0.843997
- class 1 f1 score: 0.978079
- class 2 f1 score: 0.791251
- class 3 f1 score: 0.897462
- class 4 f1 score: 0.795026
- class 5 f1 score: 0.928325
- class 6 f1 score: 0.664243
- class 7 f1 score: 0.926068
- class 8 f1 score: 0.963323
- class 9 f1 score: 0.934257
use time: 183s

Finish evaluating

Start evaluating test set ...


- accuracy: 0.853100

- global f1: 0.853100
- class 0 f1 score: 0.816092
- class 1 f1 score: 0.974542
- class 2 f1 score: 0.762937
- class 3 f1 score: 0.882828
- class 4 f1 score: 0.765664
- class 5 f1 score: 0.919355
- class 6 f1 score: 0.601156
- class 7 f1 score: 0.918554
- class 8 f1 score: 0.955179
- class 9 f1 score: 0.928364
use time: 31s

Finish evaluating

###################################
dimension size: 170
Start PCA ...
X_train_lda.shape: (60000, 170)
X_test_lda.shape: (10000, 170)
Finish PCA

!!!!!!!!!!!!!!!!!!!!!!!!!
K neighbors: 1

Start evaluating training set ...


- accuracy: 1.000000

- global f1: 1.000000
- class 0 f1 score: 1.000000
- class 1 f1 score: 1.000000
- class 2 f1 score: 1.000000
- class 3 f1 score: 1.000000
- class 4 f1 score: 1.000000
- class 5 f1 score: 1.000000
- class 6 f1 score: 1.000000
- class 7 f1 score: 1.000000
- class 8 f1 score: 1.000000
- class 9 f1 score: 1.000000
use time: 4s

Finish evaluating

Start evaluating test set ...


- accuracy: 0.853000

- global f1: 0.853000
- class 0 f1 score: 0.795602
- class 1 f1 score: 0.978894
- class 2 f1 score: 0.748387
- class 3 f1 score: 0.877530
- class 4 f1 score: 0.743147
- class 5 f1 score: 0.942902
- class 6 f1 score: 0.615160
- class 7 f1 score: 0.929936
- class 8 f1 score: 0.970247
- class 9 f1 score: 0.936315
use time: 25s

Finish evaluating


!!!!!!!!!!!!!!!!!!!!!!!!!
K neighbors: 3

Start evaluating training set ...


- accuracy: 0.924633

- global f1: 0.924633
- class 0 f1 score: 0.892276
- class 1 f1 score: 0.989870
- class 2 f1 score: 0.863655
- class 3 f1 score: 0.935397
- class 4 f1 score: 0.876073
- class 5 f1 score: 0.967350
- class 6 f1 score: 0.810251
- class 7 f1 score: 0.963018
- class 8 f1 score: 0.982120
- class 9 f1 score: 0.964424
use time: 169s

Finish evaluating

Start evaluating test set ...


- accuracy: 0.859000

- global f1: 0.859000
- class 0 f1 score: 0.791292
- class 1 f1 score: 0.976394
- class 2 f1 score: 0.760172
- class 3 f1 score: 0.883505
- class 4 f1 score: 0.769781
- class 5 f1 score: 0.936842
- class 6 f1 score: 0.622199
- class 7 f1 score: 0.936066
- class 8 f1 score: 0.968230
- class 9 f1 score: 0.944093
use time: 30s

Finish evaluating


!!!!!!!!!!!!!!!!!!!!!!!!!
K neighbors: 5

Start evaluating training set ...


- accuracy: 0.906817

- global f1: 0.906817
- class 0 f1 score: 0.875866
- class 1 f1 score: 0.987588
- class 2 f1 score: 0.842003
- class 3 f1 score: 0.924893
- class 4 f1 score: 0.845727
- class 5 f1 score: 0.955686
- class 6 f1 score: 0.749665
- class 7 f1 score: 0.949820
- class 8 f1 score: 0.977193
- class 9 f1 score: 0.954032
use time: 186s

Finish evaluating

Start evaluating test set ...


- accuracy: 0.863000

- global f1: 0.863000
- class 0 f1 score: 0.816699
- class 1 f1 score: 0.977307
- class 2 f1 score: 0.769674
- class 3 f1 score: 0.886294
- class 4 f1 score: 0.773160
- class 5 f1 score: 0.930724
- class 6 f1 score: 0.631970
- class 7 f1 score: 0.932426
- class 8 f1 score: 0.965863
- class 9 f1 score: 0.939291
use time: 32s

Finish evaluating


!!!!!!!!!!!!!!!!!!!!!!!!!
K neighbors: 7

Start evaluating training set ...


- accuracy: 0.896117

- global f1: 0.896117
- class 0 f1 score: 0.865978
- class 1 f1 score: 0.984683
- class 2 f1 score: 0.829471
- class 3 f1 score: 0.915106
- class 4 f1 score: 0.831303
- class 5 f1 score: 0.944876
- class 6 f1 score: 0.720932
- class 7 f1 score: 0.942585
- class 8 f1 score: 0.973336
- class 9 f1 score: 0.947180
use time: 197s

Finish evaluating

Start evaluating test set ...


- accuracy: 0.862800

- global f1: 0.862800
- class 0 f1 score: 0.819404
- class 1 f1 score: 0.978702
- class 2 f1 score: 0.769750
- class 3 f1 score: 0.890127
- class 4 f1 score: 0.775733
- class 5 f1 score: 0.926024
- class 6 f1 score: 0.628450
- class 7 f1 score: 0.930188
- class 8 f1 score: 0.963855
- class 9 f1 score: 0.939571
use time: 33s

Finish evaluating


!!!!!!!!!!!!!!!!!!!!!!!!!
K neighbors: 9

Start evaluating training set ...


- accuracy: 0.888833

- global f1: 0.888833
- class 0 f1 score: 0.858255
- class 1 f1 score: 0.982885
- class 2 f1 score: 0.816931
- class 3 f1 score: 0.911693
- class 4 f1 score: 0.821388
- class 5 f1 score: 0.937676
- class 6 f1 score: 0.703895
- class 7 f1 score: 0.937343
- class 8 f1 score: 0.970840
- class 9 f1 score: 0.941748
use time: 205s

Finish evaluating

Start evaluating test set ...


- accuracy: 0.861000

- global f1: 0.861000
- class 0 f1 score: 0.813218
- class 1 f1 score: 0.976673
- class 2 f1 score: 0.778530
- class 3 f1 score: 0.889338
- class 4 f1 score: 0.772386
- class 5 f1 score: 0.920686
- class 6 f1 score: 0.630412
- class 7 f1 score: 0.923225
- class 8 f1 score: 0.964375
- class 9 f1 score: 0.935343
use time: 35s

Finish evaluating


!!!!!!!!!!!!!!!!!!!!!!!!!
K neighbors: 11

Start evaluating training set ...


- accuracy: 0.884617

- global f1: 0.884617
- class 0 f1 score: 0.854082
- class 1 f1 score: 0.981345
- class 2 f1 score: 0.812276
- class 3 f1 score: 0.905407
- class 4 f1 score: 0.816821
- class 5 f1 score: 0.934134
- class 6 f1 score: 0.694894
- class 7 f1 score: 0.932543
- class 8 f1 score: 0.968986
- class 9 f1 score: 0.939749
use time: 211s

Finish evaluating

Start evaluating test set ...


- accuracy: 0.860500

- global f1: 0.860500
- class 0 f1 score: 0.817965
- class 1 f1 score: 0.977146
- class 2 f1 score: 0.777939
- class 3 f1 score: 0.891481
- class 4 f1 score: 0.772366
- class 5 f1 score: 0.917698
- class 6 f1 score: 0.622481
- class 7 f1 score: 0.923741
- class 8 f1 score: 0.963409
- class 9 f1 score: 0.934045
use time: 36s

Finish evaluating


!!!!!!!!!!!!!!!!!!!!!!!!!
K neighbors: 13

Start evaluating training set ...


- accuracy: 0.880983

- global f1: 0.880983
- class 0 f1 score: 0.851152
- class 1 f1 score: 0.979723
- class 2 f1 score: 0.806607
- class 3 f1 score: 0.902380
- class 4 f1 score: 0.811566
- class 5 f1 score: 0.931541
- class 6 f1 score: 0.684005
- class 7 f1 score: 0.930349
- class 8 f1 score: 0.967234
- class 9 f1 score: 0.939294
use time: 216s

Finish evaluating

Start evaluating test set ...


- accuracy: 0.858300

- global f1: 0.858300
- class 0 f1 score: 0.818966
- class 1 f1 score: 0.977146
- class 2 f1 score: 0.774036
- class 3 f1 score: 0.889340
- class 4 f1 score: 0.772750
- class 5 f1 score: 0.918280
- class 6 f1 score: 0.609105
- class 7 f1 score: 0.923814
- class 8 f1 score: 0.958959
- class 9 f1 score: 0.935343
use time: 36s

Finish evaluating


!!!!!!!!!!!!!!!!!!!!!!!!!
K neighbors: 15

Start evaluating training set ...


- accuracy: 0.877150

- global f1: 0.877150
- class 0 f1 score: 0.848086
- class 1 f1 score: 0.979447
- class 2 f1 score: 0.798358
- class 3 f1 score: 0.899369
- class 4 f1 score: 0.804369
- class 5 f1 score: 0.930339
- class 6 f1 score: 0.673056
- class 7 f1 score: 0.928821
- class 8 f1 score: 0.965639
- class 9 f1 score: 0.937813
use time: 220s

Finish evaluating

Start evaluating test set ...


- accuracy: 0.855200

- global f1: 0.855200
- class 0 f1 score: 0.816346
- class 1 f1 score: 0.975064
- class 2 f1 score: 0.769156
- class 3 f1 score: 0.885859
- class 4 f1 score: 0.769691
- class 5 f1 score: 0.911255
- class 6 f1 score: 0.608968
- class 7 f1 score: 0.920134
- class 8 f1 score: 0.958959
- class 9 f1 score: 0.931719
use time: 37s

Finish evaluating


!!!!!!!!!!!!!!!!!!!!!!!!!
K neighbors: 17

Start evaluating training set ...


- accuracy: 0.874683

- global f1: 0.874683
- class 0 f1 score: 0.846348
- class 1 f1 score: 0.979015
- class 2 f1 score: 0.794435
- class 3 f1 score: 0.899621
- class 4 f1 score: 0.799707
- class 5 f1 score: 0.926721
- class 6 f1 score: 0.668209
- class 7 f1 score: 0.925869
- class 8 f1 score: 0.964737
- class 9 f1 score: 0.935484
use time: 224s

Finish evaluating

Start evaluating test set ...


- accuracy: 0.855000

- global f1: 0.855000
- class 0 f1 score: 0.821053
- class 1 f1 score: 0.974046
- class 2 f1 score: 0.770813
- class 3 f1 score: 0.885527
- class 4 f1 score: 0.767777
- class 5 f1 score: 0.912926
- class 6 f1 score: 0.607143
- class 7 f1 score: 0.917344
- class 8 f1 score: 0.956565
- class 9 f1 score: 0.930097
use time: 38s

Finish evaluating


!!!!!!!!!!!!!!!!!!!!!!!!!
K neighbors: 19

Start evaluating training set ...


- accuracy: 0.871817

- global f1: 0.871817
- class 0 f1 score: 0.844659
- class 1 f1 score: 0.977556
- class 2 f1 score: 0.790774
- class 3 f1 score: 0.896976
- class 4 f1 score: 0.795734
- class 5 f1 score: 0.924458
- class 6 f1 score: 0.660997
- class 7 f1 score: 0.923139
- class 8 f1 score: 0.963391
- class 9 f1 score: 0.934289
use time: 228s

Finish evaluating

Start evaluating test set ...


- accuracy: 0.851600

- global f1: 0.851600
- class 0 f1 score: 0.816834
- class 1 f1 score: 0.974019
- class 2 f1 score: 0.764850
- class 3 f1 score: 0.883156
- class 4 f1 score: 0.766021
- class 5 f1 score: 0.910569
- class 6 f1 score: 0.600105
- class 7 f1 score: 0.912835
- class 8 f1 score: 0.956088
- class 9 f1 score: 0.926051
use time: 38s

Finish evaluating

###################################
dimension size: 200
Start PCA ...
X_train_lda.shape: (60000, 200)
X_test_lda.shape: (10000, 200)
Finish PCA

!!!!!!!!!!!!!!!!!!!!!!!!!
K neighbors: 1

Start evaluating training set ...


- accuracy: 1.000000

- global f1: 1.000000
- class 0 f1 score: 1.000000
- class 1 f1 score: 1.000000
- class 2 f1 score: 1.000000
- class 3 f1 score: 1.000000
- class 4 f1 score: 1.000000
- class 5 f1 score: 1.000000
- class 6 f1 score: 1.000000
- class 7 f1 score: 1.000000
- class 8 f1 score: 1.000000
- class 9 f1 score: 1.000000
use time: 4s

Finish evaluating

Start evaluating test set ...


- accuracy: 0.852100

- global f1: 0.852100
- class 0 f1 score: 0.793224
- class 1 f1 score: 0.979879
- class 2 f1 score: 0.750495
- class 3 f1 score: 0.874556
- class 4 f1 score: 0.745677
- class 5 f1 score: 0.937960
- class 6 f1 score: 0.615235
- class 7 f1 score: 0.928641
- class 8 f1 score: 0.970247
- class 9 f1 score: 0.933916
use time: 30s

Finish evaluating


!!!!!!!!!!!!!!!!!!!!!!!!!
K neighbors: 3

Start evaluating training set ...


- accuracy: 0.924767

- global f1: 0.924767
- class 0 f1 score: 0.892849
- class 1 f1 score: 0.990038
- class 2 f1 score: 0.864878
- class 3 f1 score: 0.935859
- class 4 f1 score: 0.875063
- class 5 f1 score: 0.965925
- class 6 f1 score: 0.811043
- class 7 f1 score: 0.962664
- class 8 f1 score: 0.982368
- class 9 f1 score: 0.965245
use time: 205s

Finish evaluating

Start evaluating test set ...


- accuracy: 0.859200

- global f1: 0.859200
- class 0 f1 score: 0.794299
- class 1 f1 score: 0.978381
- class 2 f1 score: 0.762268
- class 3 f1 score: 0.886258
- class 4 f1 score: 0.770332
- class 5 f1 score: 0.930578
- class 6 f1 score: 0.622268
- class 7 f1 score: 0.933463
- class 8 f1 score: 0.970737
- class 9 f1 score: 0.942205
use time: 36s

Finish evaluating


!!!!!!!!!!!!!!!!!!!!!!!!!
K neighbors: 5

Start evaluating training set ...


- accuracy: 0.906200

- global f1: 0.906200
- class 0 f1 score: 0.875000
- class 1 f1 score: 0.987748
- class 2 f1 score: 0.840882
- class 3 f1 score: 0.924261
- class 4 f1 score: 0.847008
- class 5 f1 score: 0.952770
- class 6 f1 score: 0.749486
- class 7 f1 score: 0.948158
- class 8 f1 score: 0.977189
- class 9 f1 score: 0.953969
use time: 226s

Finish evaluating

Start evaluating test set ...


- accuracy: 0.860700

- global f1: 0.860700
- class 0 f1 score: 0.814210
- class 1 f1 score: 0.977330
- class 2 f1 score: 0.764902
- class 3 f1 score: 0.885380
- class 4 f1 score: 0.769849
- class 5 f1 score: 0.928230
- class 6 f1 score: 0.623211
- class 7 f1 score: 0.930751
- class 8 f1 score: 0.965829
- class 9 f1 score: 0.941234
use time: 39s

Finish evaluating


!!!!!!!!!!!!!!!!!!!!!!!!!
K neighbors: 7

Start evaluating training set ...


- accuracy: 0.895750

- global f1: 0.895750
- class 0 f1 score: 0.865655
- class 1 f1 score: 0.984854
- class 2 f1 score: 0.828836
- class 3 f1 score: 0.915160
- class 4 f1 score: 0.831673
- class 5 f1 score: 0.943277
- class 6 f1 score: 0.720000
- class 7 f1 score: 0.941176
- class 8 f1 score: 0.974165
- class 9 f1 score: 0.947137
use time: 238s

Finish evaluating

Start evaluating test set ...


- accuracy: 0.861700

- global f1: 0.861700
- class 0 f1 score: 0.817701
- class 1 f1 score: 0.978206
- class 2 f1 score: 0.768263
- class 3 f1 score: 0.889002
- class 4 f1 score: 0.775510
- class 5 f1 score: 0.921095
- class 6 f1 score: 0.627637
- class 7 f1 score: 0.929631
- class 8 f1 score: 0.964447
- class 9 f1 score: 0.939630
use time: 41s

Finish evaluating


!!!!!!!!!!!!!!!!!!!!!!!!!
K neighbors: 9

Start evaluating training set ...


- accuracy: 0.889083

- global f1: 0.889083
- class 0 f1 score: 0.859477
- class 1 f1 score: 0.982711
- class 2 f1 score: 0.818241
- class 3 f1 score: 0.911356
- class 4 f1 score: 0.821587
- class 5 f1 score: 0.937924
- class 6 f1 score: 0.704125
- class 7 f1 score: 0.936561
- class 8 f1 score: 0.971055
- class 9 f1 score: 0.942234
use time: 258s

Finish evaluating

Start evaluating test set ...


- accuracy: 0.859100

- global f1: 0.859100
- class 0 f1 score: 0.812023
- class 1 f1 score: 0.978680
- class 2 f1 score: 0.770863
- class 3 f1 score: 0.890015
- class 4 f1 score: 0.774387
- class 5 f1 score: 0.917115
- class 6 f1 score: 0.620434
- class 7 f1 score: 0.921090
- class 8 f1 score: 0.963892
- class 9 f1 score: 0.936315
use time: 45s

Finish evaluating


!!!!!!!!!!!!!!!!!!!!!!!!!
K neighbors: 11

Start evaluating training set ...

- accuracy: 0.884067

- global f1: 0.884067
- class 0 f1 score: 0.852480
- class 1 f1 score: 0.981775
- class 2 f1 score: 0.811914
- class 3 f1 score: 0.905584
- class 4 f1 score: 0.816330
- class 5 f1 score: 0.932353
- class 6 f1 score: 0.691617
- class 7 f1 score: 0.932642
- class 8 f1 score: 0.969463
- class 9 f1 score: 0.940615
use time: 284s

Finish evaluating

Start evaluating test set ...


- accuracy: 0.859500

- global f1: 0.859500
- class 0 f1 score: 0.816874
- class 1 f1 score: 0.977146
- class 2 f1 score: 0.775254
- class 3 f1 score: 0.892057
- class 4 f1 score: 0.772660
- class 5 f1 score: 0.913514
- class 6 f1 score: 0.624406
- class 7 f1 score: 0.921316
- class 8 f1 score: 0.962368
- class 9 f1 score: 0.933981
use time: 51s

Finish evaluating


!!!!!!!!!!!!!!!!!!!!!!!!!
K neighbors: 13

Start evaluating training set ...


- accuracy: 0.880150

- global f1: 0.880150
- class 0 f1 score: 0.849996
- class 1 f1 score: 0.979975
- class 2 f1 score: 0.804778
- class 3 f1 score: 0.902802
- class 4 f1 score: 0.810220
- class 5 f1 score: 0.930047
- class 6 f1 score: 0.682914
- class 7 f1 score: 0.929837
- class 8 f1 score: 0.966703
- class 9 f1 score: 0.938657
use time: 282s

Finish evaluating

Start evaluating test set ...


- accuracy: 0.856000

- global f1: 0.856000
- class 0 f1 score: 0.818573
- class 1 f1 score: 0.976602
- class 2 f1 score: 0.773723
- class 3 f1 score: 0.887988
- class 4 f1 score: 0.769841
- class 5 f1 score: 0.909978
- class 6 f1 score: 0.605678
- class 7 f1 score: 0.920438
- class 8 f1 score: 0.959398
- class 9 f1 score: 0.931587
use time: 48s

Finish evaluating


!!!!!!!!!!!!!!!!!!!!!!!!!
K neighbors: 15

Start evaluating training set ...


- accuracy: 0.876450

- global f1: 0.876450
- class 0 f1 score: 0.846969
- class 1 f1 score: 0.978853
- class 2 f1 score: 0.798985
- class 3 f1 score: 0.899090
- class 4 f1 score: 0.804998
- class 5 f1 score: 0.927145
- class 6 f1 score: 0.673230
- class 7 f1 score: 0.927323
- class 8 f1 score: 0.965101
- class 9 f1 score: 0.936885
use time: 289s

Finish evaluating

Start evaluating test set ...


- accuracy: 0.854500

- global f1: 0.854500
- class 0 f1 score: 0.817091
- class 1 f1 score: 0.975560
- class 2 f1 score: 0.766844
- class 3 f1 score: 0.888327
- class 4 f1 score: 0.769461
- class 5 f1 score: 0.909387
- class 6 f1 score: 0.606600
- class 7 f1 score: 0.918377
- class 8 f1 score: 0.958396
- class 9 f1 score: 0.929782
use time: 49s

Finish evaluating


!!!!!!!!!!!!!!!!!!!!!!!!!
K neighbors: 17

Start evaluating training set ...


- accuracy: 0.873633

- global f1: 0.873633
- class 0 f1 score: 0.845874
- class 1 f1 score: 0.978334
- class 2 f1 score: 0.793526
- class 3 f1 score: 0.900034
- class 4 f1 score: 0.800587
- class 5 f1 score: 0.923967
- class 6 f1 score: 0.664719
- class 7 f1 score: 0.924083
- class 8 f1 score: 0.964037
- class 9 f1 score: 0.935161
use time: 317s

Finish evaluating

Start evaluating test set ...


- accuracy: 0.853100

- global f1: 0.853100
- class 0 f1 score: 0.819139
- class 1 f1 score: 0.974568
- class 2 f1 score: 0.768251
- class 3 f1 score: 0.882501
- class 4 f1 score: 0.767096
- class 5 f1 score: 0.905825
- class 6 f1 score: 0.606411
- class 7 f1 score: 0.914883
- class 8 f1 score: 0.956435
- class 9 f1 score: 0.929195
use time: 50s

Finish evaluating


!!!!!!!!!!!!!!!!!!!!!!!!!
K neighbors: 19

Start evaluating training set ...


- accuracy: 0.871050

- global f1: 0.871050
- class 0 f1 score: 0.843977
- class 1 f1 score: 0.977209
- class 2 f1 score: 0.788760
- class 3 f1 score: 0.897650
- class 4 f1 score: 0.796213
- class 5 f1 score: 0.921541
- class 6 f1 score: 0.659712
- class 7 f1 score: 0.921822
- class 8 f1 score: 0.963354
- class 9 f1 score: 0.934439
use time: 316s

Finish evaluating

Start evaluating test set ...


- accuracy: 0.850800

- global f1: 0.850800
- class 0 f1 score: 0.815488
- class 1 f1 score: 0.973993
- class 2 f1 score: 0.763583
- class 3 f1 score: 0.882591
- class 4 f1 score: 0.765703
- class 5 f1 score: 0.906913
- class 6 f1 score: 0.597917
- class 7 f1 score: 0.914204
- class 8 f1 score: 0.955522
- class 9 f1 score: 0.927396
use time: 57s

Finish evaluating

###################################
dimension size: 230
Start PCA ...
X_train_lda.shape: (60000, 230)
X_test_lda.shape: (10000, 230)
Finish PCA

!!!!!!!!!!!!!!!!!!!!!!!!!
K neighbors: 1

Start evaluating training set ...


- accuracy: 1.000000

- global f1: 1.000000
- class 0 f1 score: 1.000000
- class 1 f1 score: 1.000000
- class 2 f1 score: 1.000000
- class 3 f1 score: 1.000000
- class 4 f1 score: 1.000000
- class 5 f1 score: 1.000000
- class 6 f1 score: 1.000000
- class 7 f1 score: 1.000000
- class 8 f1 score: 1.000000
- class 9 f1 score: 1.000000
use time: 6s

Finish evaluating

Start evaluating test set ...


- accuracy: 0.852200

- global f1: 0.852200
- class 0 f1 score: 0.793035
- class 1 f1 score: 0.979407
- class 2 f1 score: 0.755687
- class 3 f1 score: 0.873096
- class 4 f1 score: 0.747331
- class 5 f1 score: 0.938453
- class 6 f1 score: 0.613437
- class 7 f1 score: 0.927664
- class 8 f1 score: 0.970707
- class 9 f1 score: 0.931520
use time: 44s

Finish evaluating


!!!!!!!!!!!!!!!!!!!!!!!!!
K neighbors: 3

Start evaluating training set ...


- accuracy: 0.924450

- global f1: 0.924450
- class 0 f1 score: 0.893397
- class 1 f1 score: 0.990124
- class 2 f1 score: 0.861816
- class 3 f1 score: 0.936585
- class 4 f1 score: 0.875781
- class 5 f1 score: 0.965009
- class 6 f1 score: 0.809607
- class 7 f1 score: 0.962610
- class 8 f1 score: 0.982621
- class 9 f1 score: 0.965115
use time: 290s

Finish evaluating

Start evaluating test set ...


- accuracy: 0.858400

- global f1: 0.858400
- class 0 f1 score: 0.791136
- class 1 f1 score: 0.978381
- class 2 f1 score: 0.765573
- class 3 f1 score: 0.881321
- class 4 f1 score: 0.768994
- class 5 f1 score: 0.926103
- class 6 f1 score: 0.625914
- class 7 f1 score: 0.932557
- class 8 f1 score: 0.970737
- class 9 f1 score: 0.941348
use time: 55s

Finish evaluating


!!!!!!!!!!!!!!!!!!!!!!!!!
K neighbors: 5

Start evaluating training set ...


- accuracy: 0.905583

- global f1: 0.905583
- class 0 f1 score: 0.875318
- class 1 f1 score: 0.987915
- class 2 f1 score: 0.839578
- class 3 f1 score: 0.924701
- class 4 f1 score: 0.846575
- class 5 f1 score: 0.951818
- class 6 f1 score: 0.748367
- class 7 f1 score: 0.947102
- class 8 f1 score: 0.976506
- class 9 f1 score: 0.952334
use time: 326s

Finish evaluating

Start evaluating test set ...


- accuracy: 0.862100

- global f1: 0.862100
- class 0 f1 score: 0.813250
- class 1 f1 score: 0.976838
- class 2 f1 score: 0.769010
- class 3 f1 score: 0.887302
- class 4 f1 score: 0.777108
- class 5 f1 score: 0.924145
- class 6 f1 score: 0.630745
- class 7 f1 score: 0.931467
- class 8 f1 score: 0.966834
- class 9 f1 score: 0.938835
use time: 56s

Finish evaluating


!!!!!!!!!!!!!!!!!!!!!!!!!
K neighbors: 7

Start evaluating training set ...


- accuracy: 0.894883

- global f1: 0.894883
- class 0 f1 score: 0.865375
- class 1 f1 score: 0.984763
- class 2 f1 score: 0.828001
- class 3 f1 score: 0.914992
- class 4 f1 score: 0.831162
- class 5 f1 score: 0.941187
- class 6 f1 score: 0.716988
- class 7 f1 score: 0.940135
- class 8 f1 score: 0.973739
- class 9 f1 score: 0.946924
use time: 358s

Finish evaluating

Start evaluating test set ...


- accuracy: 0.859700

- global f1: 0.859700
- class 0 f1 score: 0.811900
- class 1 f1 score: 0.977688
- class 2 f1 score: 0.769157
- class 3 f1 score: 0.887646
- class 4 f1 score: 0.774613
- class 5 f1 score: 0.915948
- class 6 f1 score: 0.626772
- class 7 f1 score: 0.926899
- class 8 f1 score: 0.963298
- class 9 f1 score: 0.938776
use time: 51s

Finish evaluating


!!!!!!!!!!!!!!!!!!!!!!!!!
K neighbors: 9

Start evaluating training set ...


- accuracy: 0.888350

- global f1: 0.888350
- class 0 f1 score: 0.858229
- class 1 f1 score: 0.982799
- class 2 f1 score: 0.818219
- class 3 f1 score: 0.909718
- class 4 f1 score: 0.820989
- class 5 f1 score: 0.934748
- class 6 f1 score: 0.703242
- class 7 f1 score: 0.935722
- class 8 f1 score: 0.971486
- class 9 f1 score: 0.942300
use time: 311s

Finish evaluating

Start evaluating test set ...


- accuracy: 0.859300

- global f1: 0.859300
- class 0 f1 score: 0.815238
- class 1 f1 score: 0.978680
- class 2 f1 score: 0.769822
- class 3 f1 score: 0.889680
- class 4 f1 score: 0.772841
- class 5 f1 score: 0.916352
- class 6 f1 score: 0.624602
- class 7 f1 score: 0.920574
- class 8 f1 score: 0.965274
- class 9 f1 score: 0.934561
use time: 53s

Finish evaluating


!!!!!!!!!!!!!!!!!!!!!!!!!
K neighbors: 11

Start evaluating training set ...


- accuracy: 0.883300

- global f1: 0.883300
- class 0 f1 score: 0.852319
- class 1 f1 score: 0.981349
- class 2 f1 score: 0.811000
- class 3 f1 score: 0.905829
- class 4 f1 score: 0.814397
- class 5 f1 score: 0.930080
- class 6 f1 score: 0.691290
- class 7 f1 score: 0.932061
- class 8 f1 score: 0.969031
- class 9 f1 score: 0.939950
use time: 322s

Finish evaluating

Start evaluating test set ...


- accuracy: 0.857400

- global f1: 0.857400
- class 0 f1 score: 0.817616
- class 1 f1 score: 0.976130
- class 2 f1 score: 0.768263
- class 3 f1 score: 0.891493
- class 4 f1 score: 0.769001
- class 5 f1 score: 0.912243
- class 6 f1 score: 0.620726
- class 7 f1 score: 0.919332
- class 8 f1 score: 0.962330
- class 9 f1 score: 0.932236
use time: 64s

Finish evaluating


!!!!!!!!!!!!!!!!!!!!!!!!!
K neighbors: 13

Start evaluating training set ...


- accuracy: 0.879500

- global f1: 0.879500
- class 0 f1 score: 0.850214
- class 1 f1 score: 0.979550
- class 2 f1 score: 0.803335
- class 3 f1 score: 0.903117
- class 4 f1 score: 0.811500
- class 5 f1 score: 0.926460
- class 6 f1 score: 0.681629
- class 7 f1 score: 0.928641
- class 8 f1 score: 0.966281
- class 9 f1 score: 0.938393
use time: 412s

Finish evaluating

Start evaluating test set ...


- accuracy: 0.855000

- global f1: 0.855000
- class 0 f1 score: 0.816874
- class 1 f1 score: 0.977620
- class 2 f1 score: 0.774006
- class 3 f1 score: 0.886629
- class 4 f1 score: 0.766783
- class 5 f1 score: 0.906913
- class 6 f1 score: 0.607012
- class 7 f1 score: 0.917658
- class 8 f1 score: 0.958354
- class 9 f1 score: 0.933204
use time: 68s

Finish evaluating


!!!!!!!!!!!!!!!!!!!!!!!!!
K neighbors: 15

Start evaluating training set ...


- accuracy: 0.875267

- global f1: 0.875267
- class 0 f1 score: 0.847498
- class 1 f1 score: 0.978777
- class 2 f1 score: 0.796436
- class 3 f1 score: 0.899259
- class 4 f1 score: 0.805103
- class 5 f1 score: 0.923200
- class 6 f1 score: 0.669979
- class 7 f1 score: 0.925549
- class 8 f1 score: 0.964822
- class 9 f1 score: 0.935803
use time: 345s

Finish evaluating

Start evaluating test set ...


- accuracy: 0.854400

- global f1: 0.854400
- class 0 f1 score: 0.821668
- class 1 f1 score: 0.975560
- class 2 f1 score: 0.767229
- class 3 f1 score: 0.888664
- class 4 f1 score: 0.768769
- class 5 f1 score: 0.904424
- class 6 f1 score: 0.609654
- class 7 f1 score: 0.916031
- class 8 f1 score: 0.957874
- class 9 f1 score: 0.928640
use time: 59s

Finish evaluating


!!!!!!!!!!!!!!!!!!!!!!!!!
K neighbors: 17

Start evaluating training set ...


- accuracy: 0.872700

- global f1: 0.872700
- class 0 f1 score: 0.848025
- class 1 f1 score: 0.977823
- class 2 f1 score: 0.792053
- class 3 f1 score: 0.899115
- class 4 f1 score: 0.799641
- class 5 f1 score: 0.919431
- class 6 f1 score: 0.665723
- class 7 f1 score: 0.921501
- class 8 f1 score: 0.964007
- class 9 f1 score: 0.933773
use time: 344s

Finish evaluating

Start evaluating test set ...


- accuracy: 0.850900

- global f1: 0.850900
- class 0 f1 score: 0.817317
- class 1 f1 score: 0.974542
- class 2 f1 score: 0.762415
- class 3 f1 score: 0.883038
- class 4 f1 score: 0.763944
- class 5 f1 score: 0.902132
- class 6 f1 score: 0.601053
- class 7 f1 score: 0.913416
- class 8 f1 score: 0.956435
- class 9 f1 score: 0.927985
use time: 57s

Finish evaluating


!!!!!!!!!!!!!!!!!!!!!!!!!
K neighbors: 19

Start evaluating training set ...


- accuracy: 0.870500

- global f1: 0.870500
- class 0 f1 score: 0.843159
- class 1 f1 score: 0.977138
- class 2 f1 score: 0.789530
- class 3 f1 score: 0.897866
- class 4 f1 score: 0.796205
- class 5 f1 score: 0.918895
- class 6 f1 score: 0.657818
- class 7 f1 score: 0.920719
- class 8 f1 score: 0.963435
- class 9 f1 score: 0.934074
use time: 355s

Finish evaluating

Start evaluating test set ...


- accuracy: 0.850300

- global f1: 0.850300
- class 0 f1 score: 0.818702
- class 1 f1 score: 0.974516
- class 2 f1 score: 0.764591
- class 3 f1 score: 0.881906
- class 4 f1 score: 0.763799
- class 5 f1 score: 0.901424
- class 6 f1 score: 0.599790
- class 7 f1 score: 0.911429
- class 8 f1 score: 0.955433
- class 9 f1 score: 0.925301
use time: 63s

Finish evaluating

###################################
dimension size: 260
Start PCA ...
X_train_lda.shape: (60000, 260)
X_test_lda.shape: (10000, 260)
Finish PCA

!!!!!!!!!!!!!!!!!!!!!!!!!
K neighbors: 1

Start evaluating training set ...


- accuracy: 1.000000

- global f1: 1.000000
- class 0 f1 score: 1.000000
- class 1 f1 score: 1.000000
- class 2 f1 score: 1.000000
- class 3 f1 score: 1.000000
- class 4 f1 score: 1.000000
- class 5 f1 score: 1.000000
- class 6 f1 score: 1.000000
- class 7 f1 score: 1.000000
- class 8 f1 score: 1.000000
- class 9 f1 score: 1.000000
use time: 6s

Finish evaluating

Start evaluating test set ...


- accuracy: 0.853200

- global f1: 0.853200
- class 0 f1 score: 0.795635
- class 1 f1 score: 0.979899
- class 2 f1 score: 0.753953
- class 3 f1 score: 0.877406
- class 4 f1 score: 0.751140
- class 5 f1 score: 0.934037
- class 6 f1 score: 0.614328
- class 7 f1 score: 0.927805
- class 8 f1 score: 0.970707
- class 9 f1 score: 0.933981
use time: 65s

Finish evaluating


!!!!!!!!!!!!!!!!!!!!!!!!!
K neighbors: 3

Start evaluating training set ...


- accuracy: 0.923933

- global f1: 0.923933
- class 0 f1 score: 0.892440
- class 1 f1 score: 0.990126
- class 2 f1 score: 0.861100
- class 3 f1 score: 0.936342
- class 4 f1 score: 0.874799
- class 5 f1 score: 0.964310
- class 6 f1 score: 0.808514
- class 7 f1 score: 0.962439
- class 8 f1 score: 0.981858
- class 9 f1 score: 0.965698
use time: 387s

Finish evaluating

Start evaluating test set ...


- accuracy: 0.859900

- global f1: 0.859900
- class 0 f1 score: 0.795066
- class 1 f1 score: 0.978381
- class 2 f1 score: 0.766160
- class 3 f1 score: 0.883961
- class 4 f1 score: 0.774029
- class 5 f1 score: 0.929443
- class 6 f1 score: 0.627471
- class 7 f1 score: 0.934761
- class 8 f1 score: 0.968134
- class 9 f1 score: 0.940949
use time: 93s

Finish evaluating


!!!!!!!!!!!!!!!!!!!!!!!!!
K neighbors: 5

Start evaluating training set ...

